App-Source/app/build/intermediates/manifest_merge_blame_file/debug/manifest-merger-blame-debug-report.txt
1<?xml version="1.0" encoding="utf-8"?>
2<!--
3     Copyright (C) 2023-24 Paranoid Android
4     Copyright (C) 2024-2025 Lunaris AOSP
5     SPDX-License-Identifier: Apache-2.0
6-->
7<manifest xmlns:android="http://schemas.android.com/apk/res/android"
8    package="org.lunaris.dolby"
9    android:versionCode="1"
10    android:versionName="1.0" >
11
12    <uses-sdk
13        android:minSdkVersion="33"
14        android:targetSdkVersion="34" />
15
16    <uses-permission android:name="android.permission.RECEIVE_BOOT_COMPLETED" />
16-->src/main/AndroidManifest.xml:11:5-81
16-->src/main/AndroidManifest.xml:11:22-78
17    <uses-permission android:name="android.permission.MODIFY_AUDIO_SETTINGS" />
17-->src/main/AndroidManifest.xml:12:5-80
17-->src/main/AndroidManifest.xml:12:22-77
18    <uses-permission android:name="android.permission.PACKAGE_USAGE_STATS" />
18-->src/main/AndroidManifest.xml:13:5-78
18-->src/main/AndroidManifest.xml:13:22-75
19    <uses-permission android:name="android.permission.QUERY_ALL_PACKAGES" />
19-->src/main/AndroidManifest.xml:14:5-77
19-->src/main/AndroidManifest.xml:14:22-74
20    <uses-permission android:name="android.permission.BIND_NOTIFICATION_LISTENER_SERVICE" />
20-->src/main/AndroidManifest.xml:15:5-93
20-->src/main/AndroidManifest.xml:15:22-90
21    <uses-permission android:name="android.permission.INTERNET" />
21-->src/main/AndroidManifest.xml:16:5-67
21-->src/main/AndroidManifest.xml:16:22-64
22    <uses-permission android:name="android.permission.ACCESS_NETWORK_STATE" />
22-->src/main/AndroidManifest.xml:17:5-79
22-->src/main/AndroidManifest.xml:17:22-76
23
24    <permission
24-->[androidx.core:core:1.12.0] AndroidManifest.xml:22:5-24:47
25        android:name="org.lunaris.dolby.DYNAMIC_RECEIVER_NOT_EXPORTED_PERMISSION"
25-->[androidx.core:core:1.12.0] AndroidManifest.xml:23:9-81
26        android:protectionLevel="signature" />
26-->[androidx.core:core:1.12.0] AndroidManifest.xml:24:9-44
27
28    <uses-permission android:name="org.lunaris.dolby.DYNAMIC_RECEIVER_NOT_EXPORTED_PERMISSION" />
28-->[androidx.core:core:1.12.0] AndroidManifest.xml:26:5-97
28-->[androidx.core:core:1.12.0] AndroidManifest.xml:26:22-94
29
30    <application
30-->src/main/AndroidManifest.xml:19:5-109:19
31        android:allowBackup="false"
31-->src/main/AndroidManifest.xml:21:9-36
32        android:appComponentFactory="androidx.core.app.CoreComponentFactory"
32-->[androidx.core:core:1.12.0] AndroidManifest.xml:28:18-86
33        android:debuggable="true"
34        android:defaultToDeviceProtectedStorage="true"
34-->src/main/AndroidManifest.xml:26:9-55
35        android:directBootAware="true"
35-->src/main/AndroidManifest.xml:25:9-39
36        android:enableOnBackInvokedCallback="true"
36-->src/main/AndroidManifest.xml:23:9-51
37        android:extractNativeLibs="false"
38        android:icon="@mipmap/ic_launcher"
38-->src/main/AndroidManifest.xml:20:9-43
39        android:label="@string/dolby_title"
39-->src/main/AndroidManifest.xml:22:9-44
40        android:persistent="true"
40-->src/main/AndroidManifest.xml:24:9-34
41        android:theme="@style/Theme.Dolby" >
41-->src/main/AndroidManifest.xml:27:9-43
42        <receiver
42-->src/main/AndroidManifest.xml:29:9-36:20
43            android:name="org.lunaris.dolby.BootCompletedReceiver"
43-->src/main/AndroidManifest.xml:30:13-50
44            android:exported="true" >
44-->src/main/AndroidManifest.xml:31:13-36
45            <intent-filter android:priority="1000" >
45-->src/main/AndroidManifest.xml:32:13-35:29
45-->src/main/AndroidManifest.xml:32:28-51
46                <action android:name="android.intent.action.BOOT_COMPLETED" />
46-->src/main/AndroidManifest.xml:33:17-79
46-->src/main/AndroidManifest.xml:33:25-76
47                <action android:name="android.intent.action.LOCKED_BOOT_COMPLETED" />
47-->src/main/AndroidManifest.xml:34:17-86
47-->src/main/AndroidManifest.xml:34:25-83
48            </intent-filter>
49        </receiver>
50
51        <activity
51-->src/main/AndroidManifest.xml:38:9-59:20
52            android:name="org.lunaris.dolby.ui.DolbyActivity"
52-->src/main/AndroidManifest.xml:39:13-45
53            android:exported="true"
53-->src/main/AndroidManifest.xml:41:13-36
54            android:label="@string/dolby_title" >
54-->src/main/AndroidManifest.xml:40:13-48
55            <intent-filter>
55-->src/main/AndroidManifest.xml:42:13-45:29
56                <action android:name="com.android.settings.action.IA_SETTINGS" />
56-->src/main/AndroidManifest.xml:43:17-82
56-->src/main/AndroidManifest.xml:43:25-79
57                <action android:name="android.service.quicksettings.action.QS_TILE_PREFERENCES" />
57-->src/main/AndroidManifest.xml:44:17-98
57-->src/main/AndroidManifest.xml:44:25-96
58            </intent-filter>
59            <intent-filter>
59-->src/main/AndroidManifest.xml:46:13-50:29
60                <action android:name="android.media.action.DISPLAY_AUDIO_EFFECT_CONTROL_PANEL" />
60-->src/main/AndroidManifest.xml:47:17-98
60-->src/main/AndroidManifest.xml:47:25-95
61
62                <category android:name="android.intent.category.DEFAULT" />
62-->src/main/AndroidManifest.xml:48:17-76
62-->src/main/AndroidManifest.xml:48:27-73
63                <category android:name="android.intent.category.CATEGORY_CONTENT_MUSIC" />
63-->src/main/AndroidManifest.xml:49:17-91
63-->src/main/AndroidManifest.xml:49:27-88
64            </intent-filter>
65            <intent-filter>
65-->src/main/AndroidManifest.xml:51:13-54:29
66                <action android:name="android.intent.action.MAIN" />
66-->src/main/AndroidManifest.xml:52:17-68
66-->src/main/AndroidManifest.xml:52:25-66
67
68                <category android:name="android.intent.category.LAUNCHER" />
68-->src/main/AndroidManifest.xml:53:17-76
68-->src/main/AndroidManifest.xml:53:27-74
69            </intent-filter>
70
71            <meta-data
71-->src/main/AndroidManifest.xml:55:13-56:81
72                android:name="com.android.settings.category"
72-->src/main/AndroidManifest.xml:55:24-68
73                android:value="com.android.settings.category.ia.sound" />
73-->src/main/AndroidManifest.xml:56:24-78
74            <meta-data
74-->src/main/AndroidManifest.xml:57:13-58:84
75                android:name="com.android.settings.summary_uri"
75-->src/main/AndroidManifest.xml:57:24-71
76                android:value="content://org.lunaris.dolby.summary/dolby" />
76-->src/main/AndroidManifest.xml:58:24-81
77        </activity>
78
79        <provider
79-->src/main/AndroidManifest.xml:61:9-69:20
80            android:name="androidx.core.content.FileProvider"
80-->src/main/AndroidManifest.xml:62:13-62
81            android:authorities="org.lunaris.dolby.fileprovider"
81-->src/main/AndroidManifest.xml:63:13-65
82            android:exported="false"
82-->src/main/AndroidManifest.xml:64:13-37
83            android:grantUriPermissions="true" >
83-->src/main/AndroidManifest.xml:65:13-47
84            <meta-data
84-->src/main/AndroidManifest.xml:66:13-68:54
85                android:name="android.support.FILE_PROVIDER_PATHS"
85-->src/main/AndroidManifest.xml:67:17-67
86                android:resource="@xml/file_paths" />
86-->src/main/AndroidManifest.xml:68:17-51
87        </provider>
88
89        <service
89-->src/main/AndroidManifest.xml:71:9-80:19
90            android:name="org.lunaris.dolby.tile.DolbyTileService"
90-->src/main/AndroidManifest.xml:72:13-50
91            android:exported="true"
91-->src/main/AndroidManifest.xml:76:13-36
92            android:icon="@drawable/ic_dolby_qs"
92-->src/main/AndroidManifest.xml:73:13-49
93            android:label="@string/dolby_title"
93-->src/main/AndroidManifest.xml:74:13-48
94            android:permission="android.permission.BIND_QUICK_SETTINGS_TILE" >
94-->src/main/AndroidManifest.xml:75:13-77
95            <intent-filter>
95-->src/main/AndroidManifest.xml:77:13-79:29
96                <action android:name="android.service.quicksettings.action.QS_TILE" />
96-->src/main/AndroidManifest.xml:78:17-86
96-->src/main/AndroidManifest.xml:78:25-84
97            </intent-filter>
98        </service>
99
100        <provider
100-->src/main/AndroidManifest.xml:82:9-85:20
101            android:name="org.lunaris.dolby.provider.SummaryProvider"
101-->src/main/AndroidManifest.xml:83:13-53
102            android:authorities="org.lunaris.dolby.summary" >
102-->src/main/AndroidManifest.xml:84:13-60
103        </provider>
104
105        <service
105-->src/main/AndroidManifest.xml:87:9-90:38
106            android:name="org.lunaris.dolby.service.AppProfileMonitorService"
106-->src/main/AndroidManifest.xml:88:13-61
107            android:enabled="true"
107-->src/main/AndroidManifest.xml:90:13-35
108            android:exported="false" />
108-->src/main/AndroidManifest.xml:89:13-37
109        <service
109-->src/main/AndroidManifest.xml:92:9-101:19
110            android:name="org.lunaris.dolby.service.DolbyNotificationListener"
110-->src/main/AndroidManifest.xml:93:13-62
111            android:enabled="true"
111-->src/main/AndroidManifest.xml:97:13-35
112            android:exported="true"
112-->src/main/AndroidManifest.xml:96:13-36
113            android:label="@string/dolby_notification_listener_label"
113-->src/main/AndroidManifest.xml:94:13-70
114            android:permission="android.permission.BIND_NOTIFICATION_LISTENER_SERVICE" >
114-->src/main/AndroidManifest.xml:95:13-87
115            <intent-filter>
115-->src/main/AndroidManifest.xml:98:13-100:29
116                <action android:name="android.service.notification.NotificationListenerService" />
116-->src/main/AndroidManifest.xml:99:17-99
116-->src/main/AndroidManifest.xml:99:25-96
117            </intent-filter>
118        </service>
119        <service
119-->src/main/AndroidManifest.xml:103:9-107:44
120            android:name="org.lunaris.dolby.service.DolbyEffectService"
120-->src/main/AndroidManifest.xml:104:13-55
121            android:enabled="true"
121-->src/main/AndroidManifest.xml:106:13-35
122            android:exported="false"
122-->src/main/AndroidManifest.xml:105:13-37
123            android:stopWithTask="false" />
123-->src/main/AndroidManifest.xml:107:13-41
124
125        <provider
125-->[androidx.emoji2:emoji2:1.3.0] AndroidManifest.xml:24:9-32:20
126            android:name="androidx.startup.InitializationProvider"
126-->[androidx.emoji2:emoji2:1.3.0] AndroidManifest.xml:25:13-67
127            android:authorities="org.lunaris.dolby.androidx-startup"
127-->[androidx.emoji2:emoji2:1.3.0] AndroidManifest.xml:26:13-68
128            android:exported="false" >
128-->[androidx.emoji2:emoji2:1.3.0] AndroidManifest.xml:27:13-37
129            <meta-data
129-->[androidx.emoji2:emoji2:1.3.0] AndroidManifest.xml:29:13-31:52
130                android:name="androidx.emoji2.text.EmojiCompatInitializer"
130-->[androidx.emoji2:emoji2:1.3.0] AndroidManifest.xml:30:17-75
131                android:value="androidx.startup" />
131-->[androidx.emoji2:emoji2:1.3.0] AndroidManifest.xml:31:17-49
132            <meta-data
132-->[androidx.lifecycle:lifecycle-process:2.7.0] AndroidManifest.xml:29:13-31:52
133                android:name="androidx.lifecycle.ProcessLifecycleInitializer"
133-->[androidx.lifecycle:lifecycle-process:2.7.0] AndroidManifest.xml:30:17-78
134                android:value="androidx.startup" />
134-->[androidx.lifecycle:lifecycle-process:2.7.0] AndroidManifest.xml:31:17-49
135            <meta-data
135-->[androidx.profileinstaller:profileinstaller:1.3.0] AndroidManifest.xml:29:13-31:52
136                android:name="androidx.profileinstaller.ProfileInstallerInitializer"
136-->[androidx.profileinstaller:profileinstaller:1.3.0] AndroidManifest.xml:30:17-85
137                android:value="androidx.startup" />
137-->[androidx.profileinstaller:profileinstaller:1.3.0] AndroidManifest.xml:31:17-49
138        </provider>
139
140        <receiver
140-->[androidx.profileinstaller:profileinstaller:1.3.0] AndroidManifest.xml:34:9-52:20
141            android:name="androidx.profileinstaller.ProfileInstallReceiver"
141-->[androidx.profileinstaller:profileinstaller:1.3.0] AndroidManifest.xml:35:13-76
142            android:directBootAware="false"
142-->[androidx.profileinstaller:profileinstaller:1.3.0] AndroidManifest.xml:36:13-44
143            android:enabled="true"
143-->[androidx.profileinstaller:profileinstaller:1.3.0] AndroidManifest.xml:37:13-35
144            android:exported="true"
144-->[androidx.profileinstaller:profileinstaller:1.3.0] AndroidManifest.xml:38:13-36
145            android:permission="android.permission.DUMP" >
145-->[androidx.profileinstaller:profileinstaller:1.3.0] AndroidManifest.xml:39:13-57
146            <intent-filter>
146-->[androidx.profileinstaller:profileinstaller:1.3.0] AndroidManifest.xml:40:13-42:29
147                <action android:name="androidx.profileinstaller.action.INSTALL_PROFILE" />
147-->[androidx.profileinstaller:profileinstaller:1.3.0] AndroidManifest.xml:41:17-91
147-->[androidx.profileinstaller:profileinstaller:1.3.0] AndroidManifest.xml:41:25-88
148            </intent-filter>
149            <intent-filter>
149-->[androidx.profileinstaller:profileinstaller:1.3.0] AndroidManifest.xml:43:13-45:29
150                <action android:name="androidx.profileinstaller.action.SKIP_FILE" />
150-->[androidx.profileinstaller:profileinstaller:1.3.0] AndroidManifest.xml:44:17-85
150-->[androidx.profileinstaller:profileinstaller:1.3.0] AndroidManifest.xml:44:25-82
151            </intent-filter>
152            <intent-filter>
152-->[androidx.profileinstaller:profileinstaller:1.3.0] AndroidManifest.xml:46:13-48:29
153                <action android:name="androidx.profileinstaller.action.SAVE_PROFILE" />
153-->[androidx.profileinstaller:profileinstaller:1.3.0] AndroidManifest.xml:47:17-88
153-->[androidx.profileinstaller:profileinstaller:1.3.0] AndroidManifest.xml:47:25-85
154            </intent-filter>
155            <intent-filter>
155-->[androidx.profileinstaller:profileinstaller:1.3.0] AndroidManifest.xml:49:13-51:29
156                <action android:name="androidx.profileinstaller.action.BENCHMARK_OPERATION" />
156-->[androidx.profileinstaller:profileinstaller:1.3.0] AndroidManifest.xml:50:17-95
156-->[androidx.profileinstaller:profileinstaller:1.3.0] AndroidManifest.xml:50:25-92
157            </intent-filter>
158        </receiver>
159    </application>
160
161</manifest>